A1, A2, A3, A4, A5, A6, A7, A8: [      0.          0.          0.          0.          0.    -457163.6
 -457163.6   -457163.6   -457163.6   -457163.6         0.          0.
       0.          0.          0.    -463942.32  -463942.32  -463942.32
 -463942.32  -463942.32        0.          0.          0.          0.
       0.    -461656.92  -461656.92  -461656.92  -461656.92  -461656.92
       0.          0.          0.          0.          0.    -454208.352
 -454208.352 -454208.352 -454208.352 -454208.352       0.          0.
       0.          0.          0.    -453159.36  -453159.36  -453159.36
 -453159.36  -453159.36 ] [     0.         0.         0.         0.         0.    -69673.64
 -69673.64  -69673.64  -69673.64  -69673.64       0.         0.
      0.         0.         0.    -75919.12  -75919.12  -75919.12
 -75919.12  -75919.12       0.         0.         0.         0.
      0.    -74256.08  -74256.08  -74256.08  -74256.08  -74256.08
      0.         0.         0.         0.         0.    -70708.
 -70708.    -70708.    -70708.    -70708.         0.         0.
      0.         0.         0.    -70158.768 -70158.768 -70158.768
 -70158.768 -70158.768] [    0.       0.       0.       0.       0.   15699.16 15699.16 15699.16
 15699.16 15699.16     0.       0.       0.       0.       0.   13683.84
 13683.84 13683.84 13683.84 13683.84     0.       0.       0.       0.
     0.   11756.52 11756.52 11756.52 11756.52 11756.52     0.       0.
     0.       0.       0.    8554.88  8554.88  8554.88  8554.88  8554.88
     0.       0.       0.       0.       0.    8428.48  8428.48  8428.48
  8428.48  8428.48] [     0.        0.        0.        0.        0.   -16143.52 -16143.52
 -16143.52 -16143.52 -16143.52      0.        0.        0.        0.
      0.   -25224.6  -25224.6  -25224.6  -25224.6  -25224.6       0.
      0.        0.        0.        0.   -26922.   -26922.   -26922.
 -26922.   -26922.        0.        0.        0.        0.        0.
 -17015.44 -17015.44 -17015.44 -17015.44 -17015.44      0.        0.
      0.        0.        0.   -16507.24 -16507.24 -16507.24 -16507.24
 -16507.24] [     0.         0.         0.         0.         0.     13691.744
  13691.744  13691.744  13691.744  13691.744      0.         0.
      0.         0.         0.    -12804.2   -12804.2   -12804.2
 -12804.2   -12804.2        0.         0.         0.         0.
      0.     43523.36   43523.36   43523.36   43523.36   43523.36
      0.         0.         0.         0.         0.     46530.
  46530.     46530.     46530.     46530.         0.         0.
      0.         0.         0.     45859.72   45859.72   45859.72
  45859.72   45859.72 ] [      0.         0.         0.         0.         0.   -478691.28
 -478691.28 -478691.28 -478691.28 -478691.28       0.         0.
       0.         0.         0.   -523655.88 -523655.88 -523655.88
 -523655.88 -523655.88       0.         0.         0.         0.
       0.   -519322.24 -519322.24 -519322.24 -519322.24 -519322.24
       0.         0.         0.         0.         0.   -451823.52
 -451823.52 -451823.52 -451823.52 -451823.52       0.         0.
       0.         0.         0.   -477167.96 -477167.96 -477167.96
 -477167.96 -477167.96] [     0.        0.        0.        0.        0.   -21792.76 -21792.76
 -21792.76 -21792.76 -21792.76      0.        0.        0.        0.
      0.   -23683.2  -23683.2  -23683.2  -23683.2  -23683.2       0.
      0.        0.        0.        0.   -44254.04 -44254.04 -44254.04
 -44254.04 -44254.04      0.        0.        0.        0.        0.
 -47456.08 -47456.08 -47456.08 -47456.08 -47456.08      0.        0.
      0.        0.        0.   -36835.52 -36835.52 -36835.52 -36835.52
 -36835.52] [     0.         0.         0.         0.         0.     -3323.112
  -3323.112  -3323.112  -3323.112  -3323.112      0.         0.
      0.         0.         0.     -2043.24   -2043.24   -2043.24
  -2043.24   -2043.24       0.         0.         0.         0.
      0.    -18879.04  -18879.04  -18879.04  -18879.04  -18879.04
      0.         0.         0.         0.         0.     -8878.32
  -8878.32   -8878.32   -8878.32   -8878.32       0.         0.
      0.         0.         0.     -2602.12   -2602.12   -2602.12
  -2602.12   -2602.12 ]
