A1, A2, A3, A4, A5, A6, A7, A8: [      0.         0.         0.         0.         0.   -149324.48
 -149324.48 -149324.48 -149324.48 -149324.48       0.         0.
       0.         0.         0.   -121229.96 -121229.96 -121229.96
 -121229.96 -121229.96       0.         0.         0.         0.
       0.   -137719.84 -137719.84 -137719.84 -137719.84 -137719.84
       0.         0.         0.         0.         0.   -123685.68
 -123685.68 -123685.68 -123685.68 -123685.68       0.         0.
       0.         0.         0.   -150850.48 -150850.48 -150850.48
 -150850.48 -150850.48] [      0.         0.         0.         0.         0.   -658912.56
 -658912.56 -658912.56 -658912.56 -658912.56       0.         0.
       0.         0.         0.   -684406.08 -684406.08 -684406.08
 -684406.08 -684406.08       0.         0.         0.         0.
       0.   -356657.44 -356657.44 -356657.44 -356657.44 -356657.44
       0.         0.         0.         0.         0.   -320793.84
 -320793.84 -320793.84 -320793.84 -320793.84       0.         0.
       0.         0.         0.   -230033.16 -230033.16 -230033.16
 -230033.16 -230033.16] [      0.          0.          0.          0.          0.    -607720.288
 -607720.288 -607720.288 -607720.288 -607720.288       0.          0.
       0.          0.          0.    -655554.08  -655554.08  -655554.08
 -655554.08  -655554.08        0.          0.          0.          0.
       0.    -573632.24  -573632.24  -573632.24  -573632.24  -573632.24
       0.          0.          0.          0.          0.    -551835.16
 -551835.16  -551835.16  -551835.16  -551835.16        0.          0.
       0.          0.          0.    -563783.72  -563783.72  -563783.72
 -563783.72  -563783.72 ] [      0.         0.         0.         0.         0.   -664534.52
 -664534.52 -664534.52 -664534.52 -664534.52       0.         0.
       0.         0.         0.   -666184.64 -666184.64 -666184.64
 -666184.64 -666184.64       0.         0.         0.         0.
       0.   -571741.   -571741.   -571741.   -571741.   -571741.
       0.         0.         0.         0.         0.   -549357.36
 -549357.36 -549357.36 -549357.36 -549357.36       0.         0.
       0.         0.         0.   -554300.56 -554300.56 -554300.56
 -554300.56 -554300.56] [      0.          0.          0.          0.          0.    -699061.32
 -699061.32  -699061.32  -699061.32  -699061.32        0.          0.
       0.          0.          0.    -644093.4   -644093.4   -644093.4
 -644093.4   -644093.4         0.          0.          0.          0.
       0.    -593763.528 -593763.528 -593763.528 -593763.528 -593763.528
       0.          0.          0.          0.          0.    -590897.
 -590897.    -590897.    -590897.    -590897.          0.          0.
       0.          0.          0.    -611565.04  -611565.04  -611565.04
 -611565.04  -611565.04 ] [    0.       0.       0.       0.       0.   77071.64 77071.64 77071.64
 77071.64 77071.64     0.       0.       0.       0.       0.   57790.88
 57790.88 57790.88 57790.88 57790.88     0.       0.       0.       0.
     0.   77409.72 77409.72 77409.72 77409.72 77409.72     0.       0.
     0.       0.       0.   61390.52 61390.52 61390.52 61390.52 61390.52
     0.       0.       0.       0.       0.   72872.16 72872.16 72872.16
 72872.16 72872.16] [    0.        0.        0.        0.        0.    59859.472 59859.472
 59859.472 59859.472 59859.472     0.        0.        0.        0.
     0.    58493.52  58493.52  58493.52  58493.52  58493.52      0.
     0.        0.        0.        0.    58116.92  58116.92  58116.92
 58116.92  58116.92      0.        0.        0.        0.        0.
 87286.56  87286.56  87286.56  87286.56  87286.56      0.        0.
     0.        0.        0.    68857.52  68857.52  68857.52  68857.52
 68857.52 ] [    0.        0.        0.        0.        0.    16511.64  16511.64
 16511.64  16511.64  16511.64      0.        0.        0.        0.
     0.     5462.56   5462.56   5462.56   5462.56   5462.56      0.
     0.        0.        0.        0.    10743.12  10743.12  10743.12
 10743.12  10743.12      0.        0.        0.        0.        0.
  9441.44   9441.44   9441.44   9441.44   9441.44      0.        0.
     0.        0.        0.    13459.128 13459.128 13459.128 13459.128
 13459.128]
