A1, A2, A3, A4, A5, A6, A7, A8: [     0.        0.        0.        0.        0.   -10311.88 -10311.88
 -10311.88 -10311.88 -10311.88      0.        0.        0.        0.
      0.    -9861.16  -9861.16  -9861.16  -9861.16  -9861.16      0.
      0.        0.        0.        0.   -15228.72 -15228.72 -15228.72
 -15228.72 -15228.72      0.        0.        0.        0.        0.
  -3636.84  -3636.84  -3636.84  -3636.84  -3636.84      0.        0.
      0.        0.        0.     6942.52   6942.52   6942.52   6942.52
   6942.52] [      0.          0.          0.          0.          0.    -757274.208
 -757274.208 -757274.208 -757274.208 -757274.208       0.          0.
       0.          0.          0.    -775102.56  -775102.56  -775102.56
 -775102.56  -775102.56        0.          0.          0.          0.
       0.    -771887.88  -771887.88  -771887.88  -771887.88  -771887.88
       0.          0.          0.          0.          0.    -772534.24
 -772534.24  -772534.24  -772534.24  -772534.24        0.          0.
       0.          0.          0.    -762615.48  -762615.48  -762615.48
 -762615.48  -762615.48 ] [      0.          0.          0.          0.          0.    -789981.088
 -789981.088 -789981.088 -789981.088 -789981.088       0.          0.
       0.          0.          0.    -793358.76  -793358.76  -793358.76
 -793358.76  -793358.76        0.          0.          0.          0.
       0.    -803909.48  -803909.48  -803909.48  -803909.48  -803909.48
       0.          0.          0.          0.          0.    -796856.44
 -796856.44  -796856.44  -796856.44  -796856.44        0.          0.
       0.          0.          0.    -798543.2   -798543.2   -798543.2
 -798543.2   -798543.2  ] [      0.         0.         0.         0.         0.   -769409.76
 -769409.76 -769409.76 -769409.76 -769409.76       0.         0.
       0.         0.         0.   -820317.76 -820317.76 -820317.76
 -820317.76 -820317.76       0.         0.         0.         0.
       0.   -841145.12 -841145.12 -841145.12 -841145.12 -841145.12
       0.         0.         0.         0.         0.   -812109.92
 -812109.92 -812109.92 -812109.92 -812109.92       0.         0.
       0.         0.         0.   -783642.96 -783642.96 -783642.96
 -783642.96 -783642.96] [      0.          0.          0.          0.          0.    -161954.024
 -161954.024 -161954.024 -161954.024 -161954.024       0.          0.
       0.          0.          0.    -242774.4   -242774.4   -242774.4
 -242774.4   -242774.4         0.          0.          0.          0.
       0.    -273811.92  -273811.92  -273811.92  -273811.92  -273811.92
       0.          0.          0.          0.          0.    -200585.32
 -200585.32  -200585.32  -200585.32  -200585.32        0.          0.
       0.          0.          0.    -112251.16  -112251.16  -112251.16
 -112251.16  -112251.16 ] [      0.         0.         0.         0.         0.   -732301.56
 -732301.56 -732301.56 -732301.56 -732301.56       0.         0.
       0.         0.         0.   -758402.64 -758402.64 -758402.64
 -758402.64 -758402.64       0.         0.         0.         0.
       0.   -744420.88 -744420.88 -744420.88 -744420.88 -744420.88
       0.         0.         0.         0.         0.   -756878.24
 -756878.24 -756878.24 -756878.24 -756878.24       0.         0.
       0.         0.         0.   -730611.16 -730611.16 -730611.16
 -730611.16 -730611.16] [     0.         0.         0.         0.         0.    -30411.12
 -30411.12  -30411.12  -30411.12  -30411.12       0.         0.
      0.         0.         0.    -22587.52  -22587.52  -22587.52
 -22587.52  -22587.52       0.         0.         0.         0.
      0.    -23893.4   -23893.4   -23893.4   -23893.4   -23893.4
      0.         0.         0.         0.         0.     -8355.76
  -8355.76   -8355.76   -8355.76   -8355.76       0.         0.
      0.         0.         0.    -11874.096 -11874.096 -11874.096
 -11874.096 -11874.096] [     0.         0.         0.         0.         0.    -13175.336
 -13175.336 -13175.336 -13175.336 -13175.336      0.         0.
      0.         0.         0.    -15045.56  -15045.56  -15045.56
 -15045.56  -15045.56       0.         0.         0.         0.
      0.    -16201.72  -16201.72  -16201.72  -16201.72  -16201.72
      0.         0.         0.         0.         0.    -28083.56
 -28083.56  -28083.56  -28083.56  -28083.56       0.         0.
      0.         0.         0.    -28172.36  -28172.36  -28172.36
 -28172.36  -28172.36 ]
