A1, A2, A3, A4, A5, A6, A7, A8: [      0.         0.         0.         0.         0.   -437805.04
 -437805.04 -437805.04 -437805.04 -437805.04       0.         0.
       0.         0.         0.   -621383.96 -621383.96 -621383.96
 -621383.96 -621383.96       0.         0.         0.         0.
       0.   -486550.6  -486550.6  -486550.6  -486550.6  -486550.6
       0.         0.         0.         0.         0.   -598437.64
 -598437.64 -598437.64 -598437.64 -598437.64       0.         0.
       0.         0.         0.   -648532.64 -648532.64 -648532.64
 -648532.64 -648532.64] [      0.         0.         0.         0.         0.   -551644.88
 -551644.88 -551644.88 -551644.88 -551644.88       0.         0.
       0.         0.         0.   -653471.8  -653471.8  -653471.8
 -653471.8  -653471.8        0.         0.         0.         0.
       0.   -545236.36 -545236.36 -545236.36 -545236.36 -545236.36
       0.         0.         0.         0.         0.   -706781.6
 -706781.6  -706781.6  -706781.6  -706781.6        0.         0.
       0.         0.         0.   -700817.04 -700817.04 -700817.04
 -700817.04 -700817.04] [     0.        0.        0.        0.        0.    25718.28  25718.28
  25718.28  25718.28  25718.28      0.        0.        0.        0.
      0.    -6199.4   -6199.4   -6199.4   -6199.4   -6199.4       0.
      0.        0.        0.        0.     6170.88   6170.88   6170.88
   6170.88   6170.88      0.        0.        0.        0.        0.
 -47743.48 -47743.48 -47743.48 -47743.48 -47743.48      0.        0.
      0.        0.        0.   -66264.32 -66264.32 -66264.32 -66264.32
 -66264.32] [     0.         0.         0.         0.         0.    -13200.12
 -13200.12  -13200.12  -13200.12  -13200.12       0.         0.
      0.         0.         0.     -5696.44   -5696.44   -5696.44
  -5696.44   -5696.44       0.         0.         0.         0.
      0.    -19730.28  -19730.28  -19730.28  -19730.28  -19730.28
      0.         0.         0.         0.         0.    -16434.352
 -16434.352 -16434.352 -16434.352 -16434.352      0.         0.
      0.         0.         0.    -11701.    -11701.    -11701.
 -11701.    -11701.   ] [    0.       0.       0.       0.       0.   25783.92 25783.92 25783.92
 25783.92 25783.92     0.       0.       0.       0.       0.   -3796.4
 -3796.4  -3796.4  -3796.4  -3796.4      0.       0.       0.       0.
     0.   10870.76 10870.76 10870.76 10870.76 10870.76     0.       0.
     0.       0.       0.   15337.72 15337.72 15337.72 15337.72 15337.72
     0.       0.       0.       0.       0.   -6872.24 -6872.24 -6872.24
 -6872.24 -6872.24] [      0.         0.         0.         0.         0.     51463.8
   51463.8    51463.8    51463.8    51463.8        0.         0.
       0.         0.         0.   -461414.88 -461414.88 -461414.88
 -461414.88 -461414.88       0.         0.         0.         0.
       0.     14082.28   14082.28   14082.28   14082.28   14082.28
       0.         0.         0.         0.         0.   -531920.6
 -531920.6  -531920.6  -531920.6  -531920.6        0.         0.
       0.         0.         0.   -600532.6  -600532.6  -600532.6
 -600532.6  -600532.6 ] [     0.        0.        0.        0.        0.    65716.08  65716.08
  65716.08  65716.08  65716.08      0.        0.        0.        0.
      0.   -29797.4  -29797.4  -29797.4  -29797.4  -29797.4       0.
      0.        0.        0.        0.    62241.6   62241.6   62241.6
  62241.6   62241.6       0.        0.        0.        0.        0.
    954.08    954.08    954.08    954.08    954.08      0.        0.
      0.        0.        0.   -23778.72 -23778.72 -23778.72 -23778.72
 -23778.72] [    0.        0.        0.        0.        0.    30596.36  30596.36
 30596.36  30596.36  30596.36      0.        0.        0.        0.
     0.    43164.52  43164.52  43164.52  43164.52  43164.52      0.
     0.        0.        0.        0.    37288.08  37288.08  37288.08
 37288.08  37288.08      0.        0.        0.        0.        0.
 36129.664 36129.664 36129.664 36129.664 36129.664     0.        0.
     0.        0.        0.    46163.84  46163.84  46163.84  46163.84
 46163.84 ]
