A1, A2, A3, A4, A5, A6, A7, A8: [      0.         0.         0.         0.         0.   -790334.12
 -790334.12 -790334.12 -790334.12 -790334.12       0.         0.
       0.         0.         0.   -789979.2  -789979.2  -789979.2
 -789979.2  -789979.2        0.         0.         0.         0.
       0.   -783582.68 -783582.68 -783582.68 -783582.68 -783582.68
       0.         0.         0.         0.         0.   -789765.68
 -789765.68 -789765.68 -789765.68 -789765.68       0.         0.
       0.         0.         0.   -785267.44 -785267.44 -785267.44
 -785267.44 -785267.44] [     0.        0.        0.        0.        0.   -82919.52 -82919.52
 -82919.52 -82919.52 -82919.52      0.        0.        0.        0.
      0.   -59821.4  -59821.4  -59821.4  -59821.4  -59821.4       0.
      0.        0.        0.        0.   -78104.   -78104.   -78104.
 -78104.   -78104.        0.        0.        0.        0.        0.
 -60582.44 -60582.44 -60582.44 -60582.44 -60582.44      0.        0.
      0.        0.        0.   -71975.72 -71975.72 -71975.72 -71975.72
 -71975.72] [      0.         0.         0.         0.         0.   -787313.36
 -787313.36 -787313.36 -787313.36 -787313.36       0.         0.
       0.         0.         0.   -790993.88 -790993.88 -790993.88
 -790993.88 -790993.88       0.         0.         0.         0.
       0.   -781493.12 -781493.12 -781493.12 -781493.12 -781493.12
       0.         0.         0.         0.         0.   -781755.44
 -781755.44 -781755.44 -781755.44 -781755.44       0.         0.
       0.         0.         0.   -777228.6  -777228.6  -777228.6
 -777228.6  -777228.6 ] [      0.          0.          0.          0.          0.    -849203.824
 -849203.824 -849203.824 -849203.824 -849203.824       0.          0.
       0.          0.          0.    -845433.76  -845433.76  -845433.76
 -845433.76  -845433.76        0.          0.          0.          0.
       0.    -844829.68  -844829.68  -844829.68  -844829.68  -844829.68
       0.          0.          0.          0.          0.    -850986.2
 -850986.2   -850986.2   -850986.2   -850986.2         0.          0.
       0.          0.          0.    -848282.6   -848282.6   -848282.6
 -848282.6   -848282.6  ] [      0.         0.         0.         0.         0.   -842619.28
 -842619.28 -842619.28 -842619.28 -842619.28       0.         0.
       0.         0.         0.   -892328.56 -892328.56 -892328.56
 -892328.56 -892328.56       0.         0.         0.         0.
       0.   -887122.48 -887122.48 -887122.48 -887122.48 -887122.48
       0.         0.         0.         0.         0.   -832366.36
 -832366.36 -832366.36 -832366.36 -832366.36       0.         0.
       0.         0.         0.   -895409.56 -895409.56 -895409.56
 -895409.56 -895409.56] [      0.         0.         0.         0.         0.   -880183.28
 -880183.28 -880183.28 -880183.28 -880183.28       0.         0.
       0.         0.         0.   -861969.52 -861969.52 -861969.52
 -861969.52 -861969.52       0.         0.         0.         0.
       0.   -836796.08 -836796.08 -836796.08 -836796.08 -836796.08
       0.         0.         0.         0.         0.   -863465.
 -863465.   -863465.   -863465.   -863465.         0.         0.
       0.         0.         0.   -844979.8  -844979.8  -844979.8
 -844979.8  -844979.8 ] [     0.         0.         0.         0.         0.    -26153.48
 -26153.48  -26153.48  -26153.48  -26153.48       0.         0.
      0.         0.         0.    -36504.24  -36504.24  -36504.24
 -36504.24  -36504.24       0.         0.         0.         0.
      0.    -14868.32  -14868.32  -14868.32  -14868.32  -14868.32
      0.         0.         0.         0.         0.    -28881.04
 -28881.04  -28881.04  -28881.04  -28881.04       0.         0.
      0.         0.         0.    -18184.584 -18184.584 -18184.584
 -18184.584 -18184.584] [    0.        0.        0.        0.        0.    66339.824 66339.824
 66339.824 66339.824 66339.824     0.        0.        0.        0.
     0.    70072.    70072.    70072.    70072.    70072.        0.
     0.        0.        0.        0.    62078.52  62078.52  62078.52
 62078.52  62078.52      0.        0.        0.        0.        0.
 81769.96  81769.96  81769.96  81769.96  81769.96      0.        0.
     0.        0.        0.    79134.56  79134.56  79134.56  79134.56
 79134.56 ]
