A1, A2, A3, A4, A5, A6, A7, A8: [      0.         0.         0.         0.         0.   -708450.8
 -708450.8  -708450.8  -708450.8  -708450.8        0.         0.
       0.         0.         0.   -796322.2  -796322.2  -796322.2
 -796322.2  -796322.2        0.         0.         0.         0.
       0.   -726684.2  -726684.2  -726684.2  -726684.2  -726684.2
       0.         0.         0.         0.         0.   -768772.88
 -768772.88 -768772.88 -768772.88 -768772.88       0.         0.
       0.         0.         0.   -798596.32 -798596.32 -798596.32
 -798596.32 -798596.32] [      0.          0.          0.          0.          0.    -804868.96
 -804868.96  -804868.96  -804868.96  -804868.96        0.          0.
       0.          0.          0.    -816971.64  -816971.64  -816971.64
 -816971.64  -816971.64        0.          0.          0.          0.
       0.    -777877.808 -777877.808 -777877.808 -777877.808 -777877.808
       0.          0.          0.          0.          0.    -769156.76
 -769156.76  -769156.76  -769156.76  -769156.76        0.          0.
       0.          0.          0.    -798367.44  -798367.44  -798367.44
 -798367.44  -798367.44 ] [      0.          0.          0.          0.          0.    -769501.92
 -769501.92  -769501.92  -769501.92  -769501.92        0.          0.
       0.          0.          0.    -812893.6   -812893.6   -812893.6
 -812893.6   -812893.6         0.          0.          0.          0.
       0.    -759447.888 -759447.888 -759447.888 -759447.888 -759447.888
       0.          0.          0.          0.          0.    -735524.44
 -735524.44  -735524.44  -735524.44  -735524.44        0.          0.
       0.          0.          0.    -813233.36  -813233.36  -813233.36
 -813233.36  -813233.36 ] [     0.         0.         0.         0.         0.    -42422.28
 -42422.28  -42422.28  -42422.28  -42422.28       0.         0.
      0.         0.         0.    -39585.24  -39585.24  -39585.24
 -39585.24  -39585.24       0.         0.         0.         0.
      0.    -26871.04  -26871.04  -26871.04  -26871.04  -26871.04
      0.         0.         0.         0.         0.    -27014.64
 -27014.64  -27014.64  -27014.64  -27014.64       0.         0.
      0.         0.         0.    -48267.512 -48267.512 -48267.512
 -48267.512 -48267.512] [     0.         0.         0.         0.         0.    -19997.568
 -19997.568 -19997.568 -19997.568 -19997.568      0.         0.
      0.         0.         0.    -23301.88  -23301.88  -23301.88
 -23301.88  -23301.88       0.         0.         0.         0.
      0.    -42964.88  -42964.88  -42964.88  -42964.88  -42964.88
      0.         0.         0.         0.         0.    -21444.12
 -21444.12  -21444.12  -21444.12  -21444.12       0.         0.
      0.         0.         0.    -74037.72  -74037.72  -74037.72
 -74037.72  -74037.72 ] [      0.          0.          0.          0.          0.    -734968.8
 -734968.8   -734968.8   -734968.8   -734968.8         0.          0.
       0.          0.          0.    -670440.68  -670440.68  -670440.68
 -670440.68  -670440.68        0.          0.          0.          0.
       0.    -643093.264 -643093.264 -643093.264 -643093.264 -643093.264
       0.          0.          0.          0.          0.    -627928.4
 -627928.4   -627928.4   -627928.4   -627928.4         0.          0.
       0.          0.          0.    -694028.8   -694028.8   -694028.8
 -694028.8   -694028.8  ] [     0.         0.         0.         0.         0.    152382.04
 152382.04  152382.04  152382.04  152382.04       0.         0.
      0.         0.         0.    149001.44  149001.44  149001.44
 149001.44  149001.44       0.         0.         0.         0.
      0.    147851.528 147851.528 147851.528 147851.528 147851.528
      0.         0.         0.         0.         0.    155601.56
 155601.56  155601.56  155601.56  155601.56       0.         0.
      0.         0.         0.    144536.36  144536.36  144536.36
 144536.36  144536.36 ] [    0.       0.       0.       0.       0.   59096.84 59096.84 59096.84
 59096.84 59096.84     0.       0.       0.       0.       0.   29132.64
 29132.64 29132.64 29132.64 29132.64     0.       0.       0.       0.
     0.   43183.12 43183.12 43183.12 43183.12 43183.12     0.       0.
     0.       0.       0.   32839.36 32839.36 32839.36 32839.36 32839.36
     0.       0.       0.       0.       0.   50850.8  50850.8  50850.8
 50850.8  50850.8 ]
