A1, A2, A3, A4, A5, A6, A7, A8: [      0.         0.         0.         0.         0.   -803345.44
 -803345.44 -803345.44 -803345.44 -803345.44       0.         0.
       0.         0.         0.   -802778.   -802778.   -802778.
 -802778.   -802778.         0.         0.         0.         0.
       0.   -795905.36 -795905.36 -795905.36 -795905.36 -795905.36
       0.         0.         0.         0.         0.   -787904.32
 -787904.32 -787904.32 -787904.32 -787904.32       0.         0.
       0.         0.         0.   -791017.16 -791017.16 -791017.16
 -791017.16 -791017.16] [      0.         0.         0.         0.         0.   -852485.52
 -852485.52 -852485.52 -852485.52 -852485.52       0.         0.
       0.         0.         0.   -853520.   -853520.   -853520.
 -853520.   -853520.         0.         0.         0.         0.
       0.   -855326.   -855326.   -855326.   -855326.   -855326.
       0.         0.         0.         0.         0.   -854540.56
 -854540.56 -854540.56 -854540.56 -854540.56       0.         0.
       0.         0.         0.   -854479.28 -854479.28 -854479.28
 -854479.28 -854479.28] [      0.          0.          0.          0.          0.    -826195.68
 -826195.68  -826195.68  -826195.68  -826195.68        0.          0.
       0.          0.          0.    -820385.656 -820385.656 -820385.656
 -820385.656 -820385.656       0.          0.          0.          0.
       0.    -822063.4   -822063.4   -822063.4   -822063.4   -822063.4
       0.          0.          0.          0.          0.    -818681.52
 -818681.52  -818681.52  -818681.52  -818681.52        0.          0.
       0.          0.          0.    -821528.84  -821528.84  -821528.84
 -821528.84  -821528.84 ] [      0.          0.          0.          0.          0.    -817796.4
 -817796.4   -817796.4   -817796.4   -817796.4         0.          0.
       0.          0.          0.    -799311.6   -799311.6   -799311.6
 -799311.6   -799311.6         0.          0.          0.          0.
       0.    -800180.04  -800180.04  -800180.04  -800180.04  -800180.04
       0.          0.          0.          0.          0.    -781539.16
 -781539.16  -781539.16  -781539.16  -781539.16        0.          0.
       0.          0.          0.    -808348.672 -808348.672 -808348.672
 -808348.672 -808348.672] [      0.          0.          0.          0.          0.    -118212.528
 -118212.528 -118212.528 -118212.528 -118212.528       0.          0.
       0.          0.          0.    -113583.52  -113583.52  -113583.52
 -113583.52  -113583.52        0.          0.          0.          0.
       0.    -110849.8   -110849.8   -110849.8   -110849.8   -110849.8
       0.          0.          0.          0.          0.    -125155.48
 -125155.48  -125155.48  -125155.48  -125155.48        0.          0.
       0.          0.          0.    -108502.92  -108502.92  -108502.92
 -108502.92  -108502.92 ] [      0.         0.         0.         0.         0.   -835131.48
 -835131.48 -835131.48 -835131.48 -835131.48       0.         0.
       0.         0.         0.   -829652.16 -829652.16 -829652.16
 -829652.16 -829652.16       0.         0.         0.         0.
       0.   -819767.48 -819767.48 -819767.48 -819767.48 -819767.48
       0.         0.         0.         0.         0.   -826445.28
 -826445.28 -826445.28 -826445.28 -826445.28       0.         0.
       0.         0.         0.   -836027.52 -836027.52 -836027.52
 -836027.52 -836027.52] [     0.         0.         0.         0.         0.     64162.664
  64162.664  64162.664  64162.664  64162.664      0.         0.
      0.         0.         0.     83038.16   83038.16   83038.16
  83038.16   83038.16       0.         0.         0.         0.
      0.     99384.64   99384.64   99384.64   99384.64   99384.64
      0.         0.         0.         0.         0.     83996.32
  83996.32   83996.32   83996.32   83996.32       0.         0.
      0.         0.         0.    100742.12  100742.12  100742.12
 100742.12  100742.12 ] [    0.        0.        0.        0.        0.    52929.88  52929.88
 52929.88  52929.88  52929.88      0.        0.        0.        0.
     0.    56347.88  56347.88  56347.88  56347.88  56347.88      0.
     0.        0.        0.        0.    53996.48  53996.48  53996.48
 53996.48  53996.48      0.        0.        0.        0.        0.
 54896.752 54896.752 54896.752 54896.752 54896.752     0.        0.
     0.        0.        0.    44739.88  44739.88  44739.88  44739.88
 44739.88 ]
