A1, A2, A3, A4, A5, A6, A7, A8: [      0.         0.         0.         0.         0.   -807318.56
 -807318.56 -807318.56 -807318.56 -807318.56       0.         0.
       0.         0.         0.   -276925.8  -276925.8  -276925.8
 -276925.8  -276925.8        0.         0.         0.         0.
       0.   -926968.8  -926968.8  -926968.8  -926968.8  -926968.8
       0.         0.         0.         0.         0.   -898368.16
 -898368.16 -898368.16 -898368.16 -898368.16       0.         0.
       0.         0.         0.   -426181.88 -426181.88 -426181.88
 -426181.88 -426181.88] [      0.         0.         0.         0.         0.   -366493.64
 -366493.64 -366493.64 -366493.64 -366493.64       0.         0.
       0.         0.         0.   -254833.84 -254833.84 -254833.84
 -254833.84 -254833.84       0.         0.         0.         0.
       0.   -881598.84 -881598.84 -881598.84 -881598.84 -881598.84
       0.         0.         0.         0.         0.   -879144.12
 -879144.12 -879144.12 -879144.12 -879144.12       0.         0.
       0.         0.         0.   -463785.12 -463785.12 -463785.12
 -463785.12 -463785.12] [      0.         0.         0.         0.         0.   -838331.92
 -838331.92 -838331.92 -838331.92 -838331.92       0.         0.
       0.         0.         0.   -748644.04 -748644.04 -748644.04
 -748644.04 -748644.04       0.         0.         0.         0.
       0.   -911107.4  -911107.4  -911107.4  -911107.4  -911107.4
       0.         0.         0.         0.         0.   -910652.44
 -910652.44 -910652.44 -910652.44 -910652.44       0.         0.
       0.         0.         0.   -738320.56 -738320.56 -738320.56
 -738320.56 -738320.56] [      0.         0.         0.         0.         0.   -915152.52
 -915152.52 -915152.52 -915152.52 -915152.52       0.         0.
       0.         0.         0.   -815286.08 -815286.08 -815286.08
 -815286.08 -815286.08       0.         0.         0.         0.
       0.   -950782.6  -950782.6  -950782.6  -950782.6  -950782.6
       0.         0.         0.         0.         0.   -951817.88
 -951817.88 -951817.88 -951817.88 -951817.88       0.         0.
       0.         0.         0.   -789269.68 -789269.68 -789269.68
 -789269.68 -789269.68] [       0.          0.          0.          0.          0.    -980882.88
  -980882.88  -980882.88  -980882.88  -980882.88        0.          0.
        0.          0.          0.    -906912.08  -906912.08  -906912.08
  -906912.08  -906912.08        0.          0.          0.          0.
        0.   -1013748.   -1013748.   -1013748.   -1013748.   -1013748.
        0.          0.          0.          0.          0.   -1003795.
 -1003795.   -1003795.   -1003795.   -1003795.          0.          0.
        0.          0.          0.    -875762.44  -875762.44  -875762.44
  -875762.44  -875762.44] [      0.         0.         0.         0.         0.   -938314.84
 -938314.84 -938314.84 -938314.84 -938314.84       0.         0.
       0.         0.         0.   -821891.04 -821891.04 -821891.04
 -821891.04 -821891.04       0.         0.         0.         0.
       0.   -946915.12 -946915.12 -946915.12 -946915.12 -946915.12
       0.         0.         0.         0.         0.   -951546.88
 -951546.88 -951546.88 -951546.88 -951546.88       0.         0.
       0.         0.         0.   -808047.04 -808047.04 -808047.04
 -808047.04 -808047.04] [      0.          0.          0.          0.          0.    -127477.
 -127477.    -127477.    -127477.    -127477.          0.          0.
       0.          0.          0.    -144115.64  -144115.64  -144115.64
 -144115.64  -144115.64        0.          0.          0.          0.
       0.    -144883.464 -144883.464 -144883.464 -144883.464 -144883.464
       0.          0.          0.          0.          0.    -144270.28
 -144270.28  -144270.28  -144270.28  -144270.28        0.          0.
       0.          0.          0.    -137380.96  -137380.96  -137380.96
 -137380.96  -137380.96 ] [      0.         0.         0.         0.         0.   -206024.48
 -206024.48 -206024.48 -206024.48 -206024.48       0.         0.
       0.         0.         0.   -199992.6  -199992.6  -199992.6
 -199992.6  -199992.6        0.         0.         0.         0.
       0.   -184694.32 -184694.32 -184694.32 -184694.32 -184694.32
       0.         0.         0.         0.         0.   -182775.04
 -182775.04 -182775.04 -182775.04 -182775.04       0.         0.
       0.         0.         0.   -211995.6  -211995.6  -211995.6
 -211995.6  -211995.6 ]
