A1, A2, A3, A4, A5, A6, A7, A8: [      0.          0.          0.          0.          0.    -668064.92
 -668064.92  -668064.92  -668064.92  -668064.92        0.          0.
       0.          0.          0.    -649847.68  -649847.68  -649847.68
 -649847.68  -649847.68        0.          0.          0.          0.
       0.    -668148.704 -668148.704 -668148.704 -668148.704 -668148.704
       0.          0.          0.          0.          0.    -672427.6
 -672427.6   -672427.6   -672427.6   -672427.6         0.          0.
       0.          0.          0.    -643728.28  -643728.28  -643728.28
 -643728.28  -643728.28 ] [     0.        0.        0.        0.        0.   -84849.68 -84849.68
 -84849.68 -84849.68 -84849.68      0.        0.        0.        0.
      0.   -79911.68 -79911.68 -79911.68 -79911.68 -79911.68      0.
      0.        0.        0.        0.   -66979.4  -66979.4  -66979.4
 -66979.4  -66979.4       0.        0.        0.        0.        0.
 -68068.56 -68068.56 -68068.56 -68068.56 -68068.56      0.        0.
      0.        0.        0.   -81664.12 -81664.12 -81664.12 -81664.12
 -81664.12] [     0.         0.         0.         0.         0.       977.96
    977.96     977.96     977.96     977.96       0.         0.
      0.         0.         0.     -7654.24   -7654.24   -7654.24
  -7654.24   -7654.24       0.         0.         0.         0.
      0.    -10568.304 -10568.304 -10568.304 -10568.304 -10568.304
      0.         0.         0.         0.         0.    -16962.8
 -16962.8   -16962.8   -16962.8   -16962.8        0.         0.
      0.         0.         0.     -2064.56   -2064.56   -2064.56
  -2064.56   -2064.56 ] [      0.         0.         0.         0.         0.   -698266.24
 -698266.24 -698266.24 -698266.24 -698266.24       0.         0.
       0.         0.         0.   -660904.92 -660904.92 -660904.92
 -660904.92 -660904.92       0.         0.         0.         0.
       0.   -710295.2  -710295.2  -710295.2  -710295.2  -710295.2
       0.         0.         0.         0.         0.   -672734.56
 -672734.56 -672734.56 -672734.56 -672734.56       0.         0.
       0.         0.         0.   -643476.28 -643476.28 -643476.28
 -643476.28 -643476.28] [      0.         0.         0.         0.         0.   -145441.56
 -145441.56 -145441.56 -145441.56 -145441.56       0.         0.
       0.         0.         0.     49319.04   49319.04   49319.04
   49319.04   49319.04       0.         0.         0.         0.
       0.   -197208.   -197208.   -197208.   -197208.   -197208.
       0.         0.         0.         0.         0.     56171.52
   56171.52   56171.52   56171.52   56171.52       0.         0.
       0.         0.         0.    105668.24  105668.24  105668.24
  105668.24  105668.24] [      0.          0.          0.          0.          0.    -518185.4
 -518185.4   -518185.4   -518185.4   -518185.4         0.          0.
       0.          0.          0.    -521762.76  -521762.76  -521762.76
 -521762.76  -521762.76        0.          0.          0.          0.
       0.    -531665.344 -531665.344 -531665.344 -531665.344 -531665.344
       0.          0.          0.          0.          0.    -539606.04
 -539606.04  -539606.04  -539606.04  -539606.04        0.          0.
       0.          0.          0.    -509225.68  -509225.68  -509225.68
 -509225.68  -509225.68 ] [     0.        0.        0.        0.        0.   199569.68 199569.68
 199569.68 199569.68 199569.68      0.        0.        0.        0.
      0.   200746.36 200746.36 200746.36 200746.36 200746.36      0.
      0.        0.        0.        0.   198589.08 198589.08 198589.08
 198589.08 198589.08      0.        0.        0.        0.        0.
 197724.36 197724.36 197724.36 197724.36 197724.36      0.        0.
      0.        0.        0.   204106.68 204106.68 204106.68 204106.68
 204106.68] [    0.        0.        0.        0.        0.    23690.28  23690.28
 23690.28  23690.28  23690.28      0.        0.        0.        0.
     0.    37815.4   37815.4   37815.4   37815.4   37815.4       0.
     0.        0.        0.        0.    34268.56  34268.56  34268.56
 34268.56  34268.56      0.        0.        0.        0.        0.
 35606.92  35606.92  35606.92  35606.92  35606.92      0.        0.
     0.        0.        0.    28782.792 28782.792 28782.792 28782.792
 28782.792]
