A1, A2, A3, A4, A5, A6, A7, A8: [     0.        0.        0.        0.        0.    14416.68  14416.68
  14416.68  14416.68  14416.68      0.        0.        0.        0.
      0.    63374.92  63374.92  63374.92  63374.92  63374.92      0.
      0.        0.        0.        0.   198462.52 198462.52 198462.52
 198462.52 198462.52      0.        0.        0.        0.        0.
 232051.04 232051.04 232051.04 232051.04 232051.04      0.        0.
      0.        0.        0.   277823.36 277823.36 277823.36 277823.36
 277823.36] [     0.        0.        0.        0.        0.   -18802.12 -18802.12
 -18802.12 -18802.12 -18802.12      0.        0.        0.        0.
      0.     9730.12   9730.12   9730.12   9730.12   9730.12      0.
      0.        0.        0.        0.   194428.2  194428.2  194428.2
 194428.2  194428.2       0.        0.        0.        0.        0.
 220106.6  220106.6  220106.6  220106.6  220106.6       0.        0.
      0.        0.        0.   261030.64 261030.64 261030.64 261030.64
 261030.64] [     0.        0.        0.        0.        0.   -50368.96 -50368.96
 -50368.96 -50368.96 -50368.96      0.        0.        0.        0.
      0.   -26559.68 -26559.68 -26559.68 -26559.68 -26559.68      0.
      0.        0.        0.        0.   165514.56 165514.56 165514.56
 165514.56 165514.56      0.        0.        0.        0.        0.
 176103.52 176103.52 176103.52 176103.52 176103.52      0.        0.
      0.        0.        0.   234828.76 234828.76 234828.76 234828.76
 234828.76] [      0.         0.         0.         0.         0.   -232804.92
 -232804.92 -232804.92 -232804.92 -232804.92       0.         0.
       0.         0.         0.   -212320.68 -212320.68 -212320.68
 -212320.68 -212320.68       0.         0.         0.         0.
       0.    -11373.6   -11373.6   -11373.6   -11373.6   -11373.6
       0.         0.         0.         0.         0.    -15136.96
  -15136.96  -15136.96  -15136.96  -15136.96       0.         0.
       0.         0.         0.     38563.6    38563.6    38563.6
   38563.6    38563.6 ] [      0.         0.         0.         0.         0.   -217928.
 -217928.   -217928.   -217928.   -217928.         0.         0.
       0.         0.         0.   -159866.52 -159866.52 -159866.52
 -159866.52 -159866.52       0.         0.         0.         0.
       0.     41595.88   41595.88   41595.88   41595.88   41595.88
       0.         0.         0.         0.         0.    -24742.52
  -24742.52  -24742.52  -24742.52  -24742.52       0.         0.
       0.         0.         0.     26555.16   26555.16   26555.16
   26555.16   26555.16] [      0.         0.         0.         0.         0.   -198638.16
 -198638.16 -198638.16 -198638.16 -198638.16       0.         0.
       0.         0.         0.   -154735.32 -154735.32 -154735.32
 -154735.32 -154735.32       0.         0.         0.         0.
       0.     56095.88   56095.88   56095.88   56095.88   56095.88
       0.         0.         0.         0.         0.     50084.16
   50084.16   50084.16   50084.16   50084.16       0.         0.
       0.         0.         0.     92612.6    92612.6    92612.6
   92612.6    92612.6 ] [      0.          0.          0.          0.          0.     964127.72
  964127.72   964127.72   964127.72   964127.72        0.          0.
       0.          0.          0.     937355.896  937355.896  937355.896
  937355.896  937355.896       0.          0.          0.          0.
       0.     964821.72   964821.72   964821.72   964821.72   964821.72
       0.          0.          0.          0.          0.     977744.8
  977744.8    977744.8    977744.8    977744.8         0.          0.
       0.          0.          0.    1005106.44  1005106.44  1005106.44
 1005106.44  1005106.44 ] [     0.         0.         0.         0.         0.    962020.16
 962020.16  962020.16  962020.16  962020.16       0.         0.
      0.         0.         0.    881330.664 881330.664 881330.664
 881330.664 881330.664      0.         0.         0.         0.
      0.    901337.56  901337.56  901337.56  901337.56  901337.56
      0.         0.         0.         0.         0.    899455.44
 899455.44  899455.44  899455.44  899455.44       0.         0.
      0.         0.         0.    918384.32  918384.32  918384.32
 918384.32  918384.32 ]
A1, A2, A3, A4, A5, A6, A7, A8: [     0.         0.         0.         0.         0.    -16483.976
 -16483.976 -16483.976 -16483.976 -16483.976      0.         0.
      0.         0.         0.    -29587.8   -29587.8   -29587.8
 -29587.8   -29587.8        0.         0.         0.         0.
      0.    -34402.56  -34402.56  -34402.56  -34402.56  -34402.56
      0.         0.         0.         0.         0.    -24971.52
 -24971.52  -24971.52  -24971.52  -24971.52       0.         0.
      0.         0.         0.    -19711.2   -19711.2   -19711.2
 -19711.2   -19711.2  ] [      0.          0.          0.          0.          0.    -795895.928
 -795895.928 -795895.928 -795895.928 -795895.928       0.          0.
       0.          0.          0.    -779845.    -779845.    -779845.
 -779845.    -779845.          0.          0.          0.          0.
       0.    -789685.36  -789685.36  -789685.36  -789685.36  -789685.36
       0.          0.          0.          0.          0.    -785001.28
 -785001.28  -785001.28  -785001.28  -785001.28        0.          0.
       0.          0.          0.    -807413.08  -807413.08  -807413.08
 -807413.08  -807413.08 ] [      0.         0.         0.         0.         0.   -834846.28
 -834846.28 -834846.28 -834846.28 -834846.28       0.         0.
       0.         0.         0.   -837029.84 -837029.84 -837029.84
 -837029.84 -837029.84       0.         0.         0.         0.
       0.   -837686.48 -837686.48 -837686.48 -837686.48 -837686.48
       0.         0.         0.         0.         0.   -830881.84
 -830881.84 -830881.84 -830881.84 -830881.84       0.         0.
       0.         0.         0.   -834846.28 -834846.28 -834846.28
 -834846.28 -834846.28] [      0.         0.         0.         0.         0.   -889998.
 -889998.   -889998.   -889998.   -889998.         0.         0.
       0.         0.         0.   -852769.28 -852769.28 -852769.28
 -852769.28 -852769.28       0.         0.         0.         0.
       0.   -858741.76 -858741.76 -858741.76 -858741.76 -858741.76
       0.         0.         0.         0.         0.   -853552.32
 -853552.32 -853552.32 -853552.32 -853552.32       0.         0.
       0.         0.         0.   -882941.48 -882941.48 -882941.48
 -882941.48 -882941.48] [      0.          0.          0.          0.          0.    -792796.36
 -792796.36  -792796.36  -792796.36  -792796.36        0.          0.
       0.          0.          0.    -811725.36  -811725.36  -811725.36
 -811725.36  -811725.36        0.          0.          0.          0.
       0.    -822232.12  -822232.12  -822232.12  -822232.12  -822232.12
       0.          0.          0.          0.          0.    -817693.16
 -817693.16  -817693.16  -817693.16  -817693.16        0.          0.
       0.          0.          0.    -822725.632 -822725.632 -822725.632
 -822725.632 -822725.632] [      0.         0.         0.         0.         0.   -794070.48
 -794070.48 -794070.48 -794070.48 -794070.48       0.         0.
       0.         0.         0.   -809475.28 -809475.28 -809475.28
 -809475.28 -809475.28       0.         0.         0.         0.
       0.   -828393.44 -828393.44 -828393.44 -828393.44 -828393.44
       0.         0.         0.         0.         0.   -814728.92
 -814728.92 -814728.92 -814728.92 -814728.92       0.         0.
       0.         0.         0.   -840307.96 -840307.96 -840307.96
 -840307.96 -840307.96] [    0.       0.       0.       0.       0.   14994.24 14994.24 14994.24
 14994.24 14994.24     0.       0.       0.       0.       0.    1464.96
  1464.96  1464.96  1464.96  1464.96     0.       0.       0.       0.
     0.   -3883.84 -3883.84 -3883.84 -3883.84 -3883.84     0.       0.
     0.       0.       0.    2565.    2565.    2565.    2565.    2565.
     0.       0.       0.       0.       0.    9206.24  9206.24  9206.24
  9206.24  9206.24] [    0.       0.       0.       0.       0.   10651.52 10651.52 10651.52
 10651.52 10651.52     0.       0.       0.       0.       0.   -7047.44
 -7047.44 -7047.44 -7047.44 -7047.44     0.       0.       0.       0.
     0.    1149.88  1149.88  1149.88  1149.88  1149.88     0.       0.
     0.       0.       0.    6748.04  6748.04  6748.04  6748.04  6748.04
     0.       0.       0.       0.       0.   -2777.96 -2777.96 -2777.96
 -2777.96 -2777.96]
