A1, A2, A3, A4, A5, A6, A7, A8: [     0.        0.        0.        0.        0.    -4569.84  -4569.84
  -4569.84  -4569.84  -4569.84      0.        0.        0.        0.
      0.    -7283.44  -7283.44  -7283.44  -7283.44  -7283.44      0.
      0.        0.        0.        0.   -23197.84 -23197.84 -23197.84
 -23197.84 -23197.84      0.        0.        0.        0.        0.
  -9016.24  -9016.24  -9016.24  -9016.24  -9016.24      0.        0.
      0.        0.        0.   -23073.16 -23073.16 -23073.16 -23073.16
 -23073.16] [    0.        0.        0.        0.        0.     5893.6    5893.6
  5893.6    5893.6    5893.6       0.        0.        0.        0.
     0.     7339.44   7339.44   7339.44   7339.44   7339.44      0.
     0.        0.        0.        0.    16850.28  16850.28  16850.28
 16850.28  16850.28      0.        0.        0.        0.        0.
  8703.104  8703.104  8703.104  8703.104  8703.104     0.        0.
     0.        0.        0.    18007.88  18007.88  18007.88  18007.88
 18007.88 ] [      0.          0.          0.          0.          0.    -696710.36
 -696710.36  -696710.36  -696710.36  -696710.36        0.          0.
       0.          0.          0.    -696669.328 -696669.328 -696669.328
 -696669.328 -696669.328       0.          0.          0.          0.
       0.    -703217.12  -703217.12  -703217.12  -703217.12  -703217.12
       0.          0.          0.          0.          0.    -700809.
 -700809.    -700809.    -700809.    -700809.          0.          0.
       0.          0.          0.    -695220.72  -695220.72  -695220.72
 -695220.72  -695220.72 ] [      0.          0.          0.          0.          0.    -743893.44
 -743893.44  -743893.44  -743893.44  -743893.44        0.          0.
       0.          0.          0.    -741270.648 -741270.648 -741270.648
 -741270.648 -741270.648       0.          0.          0.          0.
       0.    -746287.16  -746287.16  -746287.16  -746287.16  -746287.16
       0.          0.          0.          0.          0.    -741074.8
 -741074.8   -741074.8   -741074.8   -741074.8         0.          0.
       0.          0.          0.    -739895.4   -739895.4   -739895.4
 -739895.4   -739895.4  ] [      0.          0.          0.          0.          0.    -855024.08
 -855024.08  -855024.08  -855024.08  -855024.08        0.          0.
       0.          0.          0.    -851852.52  -851852.52  -851852.52
 -851852.52  -851852.52        0.          0.          0.          0.
       0.    -837606.48  -837606.48  -837606.48  -837606.48  -837606.48
       0.          0.          0.          0.          0.    -820460.6
 -820460.6   -820460.6   -820460.6   -820460.6         0.          0.
       0.          0.          0.    -826554.512 -826554.512 -826554.512
 -826554.512 -826554.512] [      0.          0.          0.          0.          0.    -681234.56
 -681234.56  -681234.56  -681234.56  -681234.56        0.          0.
       0.          0.          0.    -680856.792 -680856.792 -680856.792
 -680856.792 -680856.792       0.          0.          0.          0.
       0.    -685114.36  -685114.36  -685114.36  -685114.36  -685114.36
       0.          0.          0.          0.          0.    -687083.68
 -687083.68  -687083.68  -687083.68  -687083.68        0.          0.
       0.          0.          0.    -695337.84  -695337.84  -695337.84
 -695337.84  -695337.84 ] [     0.        0.        0.        0.        0.   -77890.76 -77890.76
 -77890.76 -77890.76 -77890.76      0.        0.        0.        0.
      0.   -64300.04 -64300.04 -64300.04 -64300.04 -64300.04      0.
      0.        0.        0.        0.   -82187.88 -82187.88 -82187.88
 -82187.88 -82187.88      0.        0.        0.        0.        0.
 -59256.76 -59256.76 -59256.76 -59256.76 -59256.76      0.        0.
      0.        0.        0.   -64084.12 -64084.12 -64084.12 -64084.12
 -64084.12] [    0.        0.        0.        0.        0.    56184.32  56184.32
 56184.32  56184.32  56184.32      0.        0.        0.        0.
     0.    58011.16  58011.16  58011.16  58011.16  58011.16      0.
     0.        0.        0.        0.    65642.44  65642.44  65642.44
 65642.44  65642.44      0.        0.        0.        0.        0.
 58021.864 58021.864 58021.864 58021.864 58021.864     0.        0.
     0.        0.        0.    62911.56  62911.56  62911.56  62911.56
 62911.56 ]
