A1, A2, A3, A4, A5, A6, A7, A8: [      0.          0.          0.          0.          0.    -874559.92
 -874559.92  -874559.92  -874559.92  -874559.92        0.          0.
       0.          0.          0.    -866387.928 -866387.928 -866387.928
 -866387.928 -866387.928       0.          0.          0.          0.
       0.    -871851.52  -871851.52  -871851.52  -871851.52  -871851.52
       0.          0.          0.          0.          0.    -868966.52
 -868966.52  -868966.52  -868966.52  -868966.52        0.          0.
       0.          0.          0.    -862804.16  -862804.16  -862804.16
 -862804.16  -862804.16 ] [      0.         0.         0.         0.         0.   -881828.64
 -881828.64 -881828.64 -881828.64 -881828.64       0.         0.
       0.         0.         0.   -882424.6  -882424.6  -882424.6
 -882424.6  -882424.6        0.         0.         0.         0.
       0.   -878486.04 -878486.04 -878486.04 -878486.04 -878486.04
       0.         0.         0.         0.         0.   -876146.72
 -876146.72 -876146.72 -876146.72 -876146.72       0.         0.
       0.         0.         0.   -874538.2  -874538.2  -874538.2
 -874538.2  -874538.2 ] [      0.         0.         0.         0.         0.   -908644.76
 -908644.76 -908644.76 -908644.76 -908644.76       0.         0.
       0.         0.         0.   -918094.4  -918094.4  -918094.4
 -918094.4  -918094.4        0.         0.         0.         0.
       0.   -915617.44 -915617.44 -915617.44 -915617.44 -915617.44
       0.         0.         0.         0.         0.   -910936.6
 -910936.6  -910936.6  -910936.6  -910936.6        0.         0.
       0.         0.         0.   -910373.08 -910373.08 -910373.08
 -910373.08 -910373.08] [      0.         0.         0.         0.         0.   -925633.76
 -925633.76 -925633.76 -925633.76 -925633.76       0.         0.
       0.         0.         0.   -921890.12 -921890.12 -921890.12
 -921890.12 -921890.12       0.         0.         0.         0.
       0.   -900755.36 -900755.36 -900755.36 -900755.36 -900755.36
       0.         0.         0.         0.         0.   -910509.56
 -910509.56 -910509.56 -910509.56 -910509.56       0.         0.
       0.         0.         0.   -910302.48 -910302.48 -910302.48
 -910302.48 -910302.48] [      0.          0.          0.          0.          0.    -948187.936
 -948187.936 -948187.936 -948187.936 -948187.936       0.          0.
       0.          0.          0.    -962629.8   -962629.8   -962629.8
 -962629.8   -962629.8         0.          0.          0.          0.
       0.    -940997.96  -940997.96  -940997.96  -940997.96  -940997.96
       0.          0.          0.          0.          0.    -923817.64
 -923817.64  -923817.64  -923817.64  -923817.64        0.          0.
       0.          0.          0.    -923971.48  -923971.48  -923971.48
 -923971.48  -923971.48 ] [      0.          0.          0.          0.          0.    -973542.84
 -973542.84  -973542.84  -973542.84  -973542.84        0.          0.
       0.          0.          0.    -970454.72  -970454.72  -970454.72
 -970454.72  -970454.72        0.          0.          0.          0.
       0.    -956868.6   -956868.6   -956868.6   -956868.6   -956868.6
       0.          0.          0.          0.          0.    -948763.704
 -948763.704 -948763.704 -948763.704 -948763.704       0.          0.
       0.          0.          0.    -948246.8   -948246.8   -948246.8
 -948246.8   -948246.8  ] [    0.        0.        0.        0.        0.    80887.432 80887.432
 80887.432 80887.432 80887.432     0.        0.        0.        0.
     0.    92914.    92914.    92914.    92914.    92914.        0.
     0.        0.        0.        0.    71429.84  71429.84  71429.84
 71429.84  71429.84      0.        0.        0.        0.        0.
 90923.    90923.    90923.    90923.    90923.        0.        0.
     0.        0.        0.    87487.16  87487.16  87487.16  87487.16
 87487.16 ] [    0.       0.       0.       0.       0.   67908.36 67908.36 67908.36
 67908.36 67908.36     0.       0.       0.       0.       0.   55914.36
 55914.36 55914.36 55914.36 55914.36     0.       0.       0.       0.
     0.   77760.88 77760.88 77760.88 77760.88 77760.88     0.       0.
     0.       0.       0.   51592.32 51592.32 51592.32 51592.32 51592.32
     0.       0.       0.       0.       0.   61900.44 61900.44 61900.44
 61900.44 61900.44]
