A1, A2, A3, A4, A5, A6, A7, A8: [      0.          0.          0.          0.          0.    -795083.68
 -795083.68  -795083.68  -795083.68  -795083.68        0.          0.
       0.          0.          0.    -564202.32  -564202.32  -564202.32
 -564202.32  -564202.32        0.          0.          0.          0.
       0.    -576202.8   -576202.8   -576202.8   -576202.8   -576202.8
       0.          0.          0.          0.          0.    -578810.36
 -578810.36  -578810.36  -578810.36  -578810.36        0.          0.
       0.          0.          0.    -534809.544 -534809.544 -534809.544
 -534809.544 -534809.544] [      0.          0.          0.          0.          0.    -667334.88
 -667334.88  -667334.88  -667334.88  -667334.88        0.          0.
       0.          0.          0.    -616499.32  -616499.32  -616499.32
 -616499.32  -616499.32        0.          0.          0.          0.
       0.    -634337.12  -634337.12  -634337.12  -634337.12  -634337.12
       0.          0.          0.          0.          0.    -650495.2
 -650495.2   -650495.2   -650495.2   -650495.2         0.          0.
       0.          0.          0.    -605469.616 -605469.616 -605469.616
 -605469.616 -605469.616] [      0.          0.          0.          0.          0.    -566788.12
 -566788.12  -566788.12  -566788.12  -566788.12        0.          0.
       0.          0.          0.    -567530.12  -567530.12  -567530.12
 -567530.12  -567530.12        0.          0.          0.          0.
       0.    -578601.92  -578601.92  -578601.92  -578601.92  -578601.92
       0.          0.          0.          0.          0.    -570777.04
 -570777.04  -570777.04  -570777.04  -570777.04        0.          0.
       0.          0.          0.    -535467.784 -535467.784 -535467.784
 -535467.784 -535467.784] [      0.          0.          0.          0.          0.    -738414.336
 -738414.336 -738414.336 -738414.336 -738414.336       0.          0.
       0.          0.          0.    -696183.52  -696183.52  -696183.52
 -696183.52  -696183.52        0.          0.          0.          0.
       0.    -701560.64  -701560.64  -701560.64  -701560.64  -701560.64
       0.          0.          0.          0.          0.    -692937.84
 -692937.84  -692937.84  -692937.84  -692937.84        0.          0.
       0.          0.          0.    -682148.    -682148.    -682148.
 -682148.    -682148.   ] [      0.          0.          0.          0.          0.    -782082.856
 -782082.856 -782082.856 -782082.856 -782082.856       0.          0.
       0.          0.          0.    -731334.04  -731334.04  -731334.04
 -731334.04  -731334.04        0.          0.          0.          0.
       0.    -747991.32  -747991.32  -747991.32  -747991.32  -747991.32
       0.          0.          0.          0.          0.    -760677.24
 -760677.24  -760677.24  -760677.24  -760677.24        0.          0.
       0.          0.          0.    -730930.76  -730930.76  -730930.76
 -730930.76  -730930.76 ] [      0.         0.         0.         0.         0.   -736066.6
 -736066.6  -736066.6  -736066.6  -736066.6        0.         0.
       0.         0.         0.   -698351.36 -698351.36 -698351.36
 -698351.36 -698351.36       0.         0.         0.         0.
       0.   -704788.76 -704788.76 -704788.76 -704788.76 -704788.76
       0.         0.         0.         0.         0.   -703888.
 -703888.   -703888.   -703888.   -703888.         0.         0.
       0.         0.         0.   -658034.28 -658034.28 -658034.28
 -658034.28 -658034.28] [      0.          0.          0.          0.          0.    -127528.496
 -127528.496 -127528.496 -127528.496 -127528.496       0.          0.
       0.          0.          0.    -127934.96  -127934.96  -127934.96
 -127934.96  -127934.96        0.          0.          0.          0.
       0.    -129971.4   -129971.4   -129971.4   -129971.4   -129971.4
       0.          0.          0.          0.          0.    -131651.52
 -131651.52  -131651.52  -131651.52  -131651.52        0.          0.
       0.          0.          0.    -139027.88  -139027.88  -139027.88
 -139027.88  -139027.88 ] [      0.         0.         0.         0.         0.   -246770.84
 -246770.84 -246770.84 -246770.84 -246770.84       0.         0.
       0.         0.         0.   -223838.64 -223838.64 -223838.64
 -223838.64 -223838.64       0.         0.         0.         0.
       0.   -191626.76 -191626.76 -191626.76 -191626.76 -191626.76
       0.         0.         0.         0.         0.   -246865.68
 -246865.68 -246865.68 -246865.68 -246865.68       0.         0.
       0.         0.         0.   -198800.8  -198800.8  -198800.8
 -198800.8  -198800.8 ]
