A1, A2, A3, A4, A5, A6, A7, A8: [      0.          0.          0.          0.          0.    -542381.12
 -542381.12  -542381.12  -542381.12  -542381.12        0.          0.
       0.          0.          0.    -519342.08  -519342.08  -519342.08
 -519342.08  -519342.08        0.          0.          0.          0.
       0.    -474255.4   -474255.4   -474255.4   -474255.4   -474255.4
       0.          0.          0.          0.          0.    -499288.12
 -499288.12  -499288.12  -499288.12  -499288.12        0.          0.
       0.          0.          0.    -492088.696 -492088.696 -492088.696
 -492088.696 -492088.696] [     0.         0.         0.         0.         0.    -82152.36
 -82152.36  -82152.36  -82152.36  -82152.36       0.         0.
      0.         0.         0.    -79962.04  -79962.04  -79962.04
 -79962.04  -79962.04       0.         0.         0.         0.
      0.    -78858.04  -78858.04  -78858.04  -78858.04  -78858.04
      0.         0.         0.         0.         0.    -81174.84
 -81174.84  -81174.84  -81174.84  -81174.84       0.         0.
      0.         0.         0.    -83096.408 -83096.408 -83096.408
 -83096.408 -83096.408] [    0.        0.        0.        0.        0.    15527.2   15527.2
 15527.2   15527.2   15527.2       0.        0.        0.        0.
     0.     9109.08   9109.08   9109.08   9109.08   9109.08      0.
     0.        0.        0.        0.     3802.592  3802.592  3802.592
  3802.592  3802.592     0.        0.        0.        0.        0.
  4949.2    4949.2    4949.2    4949.2    4949.2       0.        0.
     0.        0.        0.     9018.32   9018.32   9018.32   9018.32
  9018.32 ] [     0.         0.         0.         0.         0.    -12512.56
 -12512.56  -12512.56  -12512.56  -12512.56       0.         0.
      0.         0.         0.     -9783.76   -9783.76   -9783.76
  -9783.76   -9783.76       0.         0.         0.         0.
      0.     -6955.656  -6955.656  -6955.656  -6955.656  -6955.656
      0.         0.         0.         0.         0.     -4559.76
  -4559.76   -4559.76   -4559.76   -4559.76       0.         0.
      0.         0.         0.    -10398.32  -10398.32  -10398.32
 -10398.32  -10398.32 ] [      0.          0.          0.          0.          0.    -305467.016
 -305467.016 -305467.016 -305467.016 -305467.016       0.          0.
       0.          0.          0.    -292720.92  -292720.92  -292720.92
 -292720.92  -292720.92        0.          0.          0.          0.
       0.    -269146.64  -269146.64  -269146.64  -269146.64  -269146.64
       0.          0.          0.          0.          0.    -343979.48
 -343979.48  -343979.48  -343979.48  -343979.48        0.          0.
       0.          0.          0.    -228530.    -228530.    -228530.
 -228530.    -228530.   ] [     0.         0.         0.         0.         0.     27977.528
  27977.528  27977.528  27977.528  27977.528      0.         0.
      0.         0.         0.     14141.68   14141.68   14141.68
  14141.68   14141.68       0.         0.         0.         0.
      0.    110138.6   110138.6   110138.6   110138.6   110138.6
      0.         0.         0.         0.         0.     60062.84
  60062.84   60062.84   60062.84   60062.84       0.         0.
      0.         0.         0.    120123.08  120123.08  120123.08
 120123.08  120123.08 ] [     0.        0.        0.        0.        0.    57187.16  57187.16
  57187.16  57187.16  57187.16      0.        0.        0.        0.
      0.   166049.92 166049.92 166049.92 166049.92 166049.92      0.
      0.        0.        0.        0.   177460.88 177460.88 177460.88
 177460.88 177460.88      0.        0.        0.        0.        0.
  68182.92  68182.92  68182.92  68182.92  68182.92      0.        0.
      0.        0.        0.   189143.04 189143.04 189143.04 189143.04
 189143.04] [    0.        0.        0.        0.        0.    -4051.76  -4051.76
 -4051.76  -4051.76  -4051.76      0.        0.        0.        0.
     0.    -2747.64  -2747.64  -2747.64  -2747.64  -2747.64      0.
     0.        0.        0.        0.     1533.408  1533.408  1533.408
  1533.408  1533.408     0.        0.        0.        0.        0.
  6527.84   6527.84   6527.84   6527.84   6527.84      0.        0.
     0.        0.        0.    -2405.48  -2405.48  -2405.48  -2405.48
 -2405.48 ]
