A1, A2, A3, A4, A5, A6, A7, A8: [      0.         0.         0.         0.         0.   -741658.52
 -741658.52 -741658.52 -741658.52 -741658.52       0.         0.
       0.         0.         0.   -718063.08 -718063.08 -718063.08
 -718063.08 -718063.08       0.         0.         0.         0.
       0.   -745431.56 -745431.56 -745431.56 -745431.56 -745431.56
       0.         0.         0.         0.         0.   -721457.64
 -721457.64 -721457.64 -721457.64 -721457.64       0.         0.
       0.         0.         0.   -733879.56 -733879.56 -733879.56
 -733879.56 -733879.56] [     0.        0.        0.        0.        0.   -51228.08 -51228.08
 -51228.08 -51228.08 -51228.08      0.        0.        0.        0.
      0.   -64576.76 -64576.76 -64576.76 -64576.76 -64576.76      0.
      0.        0.        0.        0.   -67364.76 -67364.76 -67364.76
 -67364.76 -67364.76      0.        0.        0.        0.        0.
 -85681.44 -85681.44 -85681.44 -85681.44 -85681.44      0.        0.
      0.        0.        0.   -84847.8  -84847.8  -84847.8  -84847.8
 -84847.8 ] [      0.          0.          0.          0.          0.    -750299.952
 -750299.952 -750299.952 -750299.952 -750299.952       0.          0.
       0.          0.          0.    -750648.16  -750648.16  -750648.16
 -750648.16  -750648.16        0.          0.          0.          0.
       0.    -744870.76  -744870.76  -744870.76  -744870.76  -744870.76
       0.          0.          0.          0.          0.    -735706.8
 -735706.8   -735706.8   -735706.8   -735706.8         0.          0.
       0.          0.          0.    -751376.2   -751376.2   -751376.2
 -751376.2   -751376.2  ] [      0.         0.         0.         0.         0.   -782826.16
 -782826.16 -782826.16 -782826.16 -782826.16       0.         0.
       0.         0.         0.   -777880.52 -777880.52 -777880.52
 -777880.52 -777880.52       0.         0.         0.         0.
       0.   -753160.6  -753160.6  -753160.6  -753160.6  -753160.6
       0.         0.         0.         0.         0.   -742923.72
 -742923.72 -742923.72 -742923.72 -742923.72       0.         0.
       0.         0.         0.   -805512.16 -805512.16 -805512.16
 -805512.16 -805512.16] [     0.         0.         0.         0.         0.     78556.
  78556.     78556.     78556.     78556.         0.         0.
      0.         0.         0.     92683.36   92683.36   92683.36
  92683.36   92683.36       0.         0.         0.         0.
      0.    103062.56  103062.56  103062.56  103062.56  103062.56
      0.         0.         0.         0.         0.    103388.16
 103388.16  103388.16  103388.16  103388.16       0.         0.
      0.         0.         0.    101369.168 101369.168 101369.168
 101369.168 101369.168] [      0.          0.          0.          0.          0.    -687342.48
 -687342.48  -687342.48  -687342.48  -687342.48        0.          0.
       0.          0.          0.    -682803.44  -682803.44  -682803.44
 -682803.44  -682803.44        0.          0.          0.          0.
       0.    -665186.    -665186.    -665186.    -665186.    -665186.
       0.          0.          0.          0.          0.    -638486.84
 -638486.84  -638486.84  -638486.84  -638486.84        0.          0.
       0.          0.          0.    -658404.312 -658404.312 -658404.312
 -658404.312 -658404.312] [     0.         0.         0.         0.         0.    137941.
 137941.    137941.    137941.    137941.         0.         0.
      0.         0.         0.    135300.68  135300.68  135300.68
 135300.68  135300.68       0.         0.         0.         0.
      0.    134813.24  134813.24  134813.24  134813.24  134813.24
      0.         0.         0.         0.         0.    143112.12
 143112.12  143112.12  143112.12  143112.12       0.         0.
      0.         0.         0.    142096.408 142096.408 142096.408
 142096.408 142096.408] [    0.       0.       0.       0.       0.   46472.76 46472.76 46472.76
 46472.76 46472.76     0.       0.       0.       0.       0.   43528.56
 43528.56 43528.56 43528.56 43528.56     0.       0.       0.       0.
     0.   42709.4  42709.4  42709.4  42709.4  42709.4      0.       0.
     0.       0.       0.   36855.16 36855.16 36855.16 36855.16 36855.16
     0.       0.       0.       0.       0.   39204.16 39204.16 39204.16
 39204.16 39204.16]
